# JRE version: Java(TM) SE Runtime Environment (8.0_141-b15) (build 1.8.0_141-b15)
# Java VM: Java HotSpot(TM) 64-Bit Server VM (25.141-b15 mixed mode bsd-amd64 compressed oops)
Heap:
 PSYoungGen      total 51712K, used 701K [0x0000000795580000, 0x000000079a600000, 0x00000007c0000000)
  eden space 29696K, 2% used [0x0000000795580000,0x000000079562f5a8,0x0000000797280000)
  from space 22016K, 0% used [0x0000000798b00000,0x0000000798b00000,0x000000079a080000)
  to   space 25088K, 0% used [0x0000000797280000,0x0000000797280000,0x0000000798b00000)
 ParOldGen       total 56832K, used 6308K [0x0000000740000000, 0x0000000743780000, 0x0000000795580000)
  object space 56832K, 11% used [0x0000000740000000,0x0000000740629228,0x0000000743780000)
 Metaspace       used 20842K, capacity 21195K, committed 21504K, reserved 1069056K
  class space    used 2189K, capacity 2265K, committed 2304K, reserved 1048576K
GC Heap History (10 events):
Event: 12.294 GC heap before
{Heap before GC invocations=3 (full 0):
 PSYoungGen      total 38400K, used 38389K [0x0000000795580000, 0x0000000798000000, 0x00000007c0000000)
  eden space 33280K, 100% used [0x0000000795580000,0x0000000797600000,0x0000000797600000)
  from space 5120K, 99% used [0x0000000797b00000,0x0000000797ffd7a8,0x0000000798000000)
  to   space 5120K, 0% used [0x0000000797600000,0x0000000797600000,0x0000000797b00000)
 ParOldGen       total 87552K, used 13199K [0x0000000740000000, 0x0000000745580000, 0x0000000795580000)
  object space 87552K, 15% used [0x0000000740000000,0x0000000740ce3f30,0x0000000745580000)
 Metaspace       used 20531K, capacity 20829K, committed 20992K, reserved 1069056K
  class space    used 2181K, capacity 2272K, committed 2304K, reserved 1048576K
Event: 12.306 GC heap after
Heap after GC invocations=3 (full 0):
 PSYoungGen      total 38400K, used 5111K [0x0000000795580000, 0x0000000798000000, 0x00000007c0000000)
  eden space 33280K, 0% used [0x0000000795580000,0x0000000795580000,0x0000000797600000)
  from space 5120K, 99% used [0x0000000797600000,0x0000000797afddc8,0x0000000797b00000)
  to   space 5120K, 0% used [0x0000000797b00000,0x0000000797b00000,0x0000000798000000)
 ParOldGen       total 87552K, used 25868K [0x0000000740000000, 0x0000000745580000, 0x0000000795580000)
  object space 87552K, 29% used [0x0000000740000000,0x0000000741943180,0x0000000745580000)
 Metaspace       used 20531K, capacity 20829K, committed 20992K, reserved 1069056K
  class space    used 2181K, capacity 2272K, committed 2304K, reserved 1048576K
}
Event: 17.523 GC heap before
{Heap before GC invocations=4 (full 0):
 PSYoungGen      total 38400K, used 38391K [0x0000000795580000, 0x0000000798000000, 0x00000007c0000000)
  eden space 33280K, 100% used [0x0000000795580000,0x0000000797600000,0x0000000797600000)
  from space 5120K, 99% used [0x0000000797600000,0x0000000797afddc8,0x0000000797b00000)
  to   space 5120K, 0% used [0x0000000797b00000,0x0000000797b00000,0x0000000798000000)
 ParOldGen       total 87552K, used 25868K [0x0000000740000000, 0x0000000745580000, 0x0000000795580000)
  object space 87552K, 29% used [0x0000000740000000,0x0000000741943180,0x0000000745580000)
 Metaspace       used 20615K, capacity 20957K, committed 21248K, reserved 1069056K
  class space    used 2181K, capacity 2272K, committed 2304K, reserved 1048576K
Event: 17.532 GC heap after
Heap after GC invocations=4 (full 0):
 PSYoungGen      total 38400K, used 5111K [0x0000000795580000, 0x0000000798000000, 0x00000007c0000000)
  eden space 33280K, 0% used [0x0000000795580000,0x0000000795580000,0x0000000797600000)
  from space 5120K, 99% used [0x0000000797b00000,0x0000000797ffddc8,0x0000000798000000)
  to   space 5120K, 0% used [0x0000000797600000,0x0000000797600000,0x0000000797b00000)
 ParOldGen       total 87552K, used 25948K [0x0000000740000000, 0x0000000745580000, 0x0000000795580000)
  object space 87552K, 29% used [0x0000000740000000,0x0000000741957180,0x0000000745580000)
 Metaspace       used 20615K, capacity 20957K, committed 21248K, reserved 1069056K
  class space    used 2181K, capacity 2272K, committed 2304K, reserved 1048576K
}
Event: 2901.527 GC heap before
{Heap before GC invocations=5 (full 0):
 PSYoungGen      total 38400K, used 36438K [0x0000000795580000, 0x0000000798000000, 0x00000007c0000000)
  eden space 33280K, 94% used [0x0000000795580000,0x0000000797417a38,0x0000000797600000)
  from space 5120K, 99% used [0x0000000797b00000,0x0000000797ffddc8,0x0000000798000000)
  to   space 5120K, 0% used [0x0000000797600000,0x0000000797600000,0x0000000797b00000)
 ParOldGen       total 87552K, used 25948K [0x0000000740000000, 0x0000000745580000, 0x0000000795580000)
  object space 87552K, 29% used [0x0000000740000000,0x0000000741957180,0x0000000745580000)
 Metaspace       used 20774K, capacity 21085K, committed 21248K, reserved 1069056K
  class space    used 2187K, capacity 2272K, committed 2304K, reserved 1048576K
Event: 2901.616 GC heap after
Heap after GC invocations=5 (full 0):
 PSYoungGen      total 37888K, used 4919K [0x0000000795580000, 0x000000079a080000, 0x00000007c0000000)
  eden space 32768K, 0% used [0x0000000795580000,0x0000000795580000,0x0000000797580000)
  from space 5120K, 96% used [0x0000000797600000,0x0000000797acdf00,0x0000000797b00000)
  to   space 22016K, 0% used [0x0000000798b00000,0x0000000798b00000,0x000000079a080000)
 ParOldGen       total 87552K, used 36115K [0x0000000740000000, 0x0000000745580000, 0x0000000795580000)
  object space 87552K, 41% used [0x0000000740000000,0x0000000742344de0,0x0000000745580000)
 Metaspace       used 20774K, capacity 21085K, committed 21248K, reserved 1069056K
  class space    used 2187K, capacity 2272K, committed 2304K, reserved 1048576K
}
Event: 7574.995 GC heap before
{Heap before GC invocations=6 (full 0):
 PSYoungGen      total 37888K, used 11030K [0x0000000795580000, 0x000000079a080000, 0x00000007c0000000)
  eden space 32768K, 18% used [0x0000000795580000,0x0000000795b779c0,0x0000000797580000)
  from space 5120K, 96% used [0x0000000797600000,0x0000000797acdf00,0x0000000797b00000)
  to   space 22016K, 0% used [0x0000000798b00000,0x0000000798b00000,0x000000079a080000)
 ParOldGen       total 87552K, used 36115K [0x0000000740000000, 0x0000000745580000, 0x0000000795580000)
  object space 87552K, 41% used [0x0000000740000000,0x0000000742344de0,0x0000000745580000)
 Metaspace       used 20811K, capacity 21085K, committed 21248K, reserved 1069056K
  class space    used 2188K, capacity 2272K, committed 2304K, reserved 1048576K
Event: 7575.037 GC heap after
Heap after GC invocations=6 (full 0):
 PSYoungGen      total 51712K, used 19166K [0x0000000795580000, 0x000000079a600000, 0x00000007c0000000)
  eden space 29696K, 0% used [0x0000000795580000,0x0000000795580000,0x0000000797280000)
  from space 22016K, 87% used [0x0000000798b00000,0x0000000799db7b40,0x000000079a080000)
  to   space 25088K, 0% used [0x0000000797280000,0x0000000797280000,0x0000000798b00000)
 ParOldGen       total 87552K, used 36123K [0x0000000740000000, 0x0000000745580000, 0x0000000795580000)
  object space 87552K, 41% used [0x0000000740000000,0x0000000742346de0,0x0000000745580000)
 Metaspace       used 20811K, capacity 21085K, committed 21248K, reserved 1069056K
  class space    used 2188K, capacity 2272K, committed 2304K, reserved 1048576K
}
Event: 7575.037 GC heap before
{Heap before GC invocations=7 (full 1):
 PSYoungGen      total 51712K, used 19166K [0x0000000795580000, 0x000000079a600000, 0x00000007c0000000)
  eden space 29696K, 0% used [0x0000000795580000,0x0000000795580000,0x0000000797280000)
  from space 22016K, 87% used [0x0000000798b00000,0x0000000799db7b40,0x000000079a080000)
  to   space 25088K, 0% used [0x0000000797280000,0x0000000797280000,0x0000000798b00000)
 ParOldGen       total 87552K, used 36123K [0x0000000740000000, 0x0000000745580000, 0x0000000795580000)
  object space 87552K, 41% used [0x0000000740000000,0x0000000742346de0,0x0000000745580000)
 Metaspace       used 20811K, capacity 21085K, committed 21248K, reserved 1069056K
  class space    used 2188K, capacity 2272K, committed 2304K, reserved 1048576K
Event: 7575.223 GC heap after
Heap after GC invocations=7 (full 1):
 PSYoungGen      total 51712K, used 0K [0x0000000795580000, 0x000000079a600000, 0x00000007c0000000)
  eden space 29696K, 0% used [0x0000000795580000,0x0000000795580000,0x0000000797280000)
  from space 22016K, 0% used [0x0000000798b00000,0x0000000798b00000,0x000000079a080000)
  to   space 25088K, 0% used [0x0000000797280000,0x0000000797280000,0x0000000798b00000)
 ParOldGen       total 56832K, used 6308K [0x0000000740000000, 0x0000000743780000, 0x0000000795580000)
  object space 56832K, 11% used [0x0000000740000000,0x0000000740629228,0x0000000743780000)
 Metaspace       used 20799K, capacity 21067K, committed 21248K, reserved 1069056K
  class space    used 2184K, capacity 2265K, committed 2304K, reserved 1048576K
}

